<?xml version="1.0" encoding="UTF-8"?>
<!-- Generated by org.testng.reporters.JUnitXMLReporter -->
<testsuite hostname="HOMEX-PC" ignored="1" name="Test" tests="2" failures="0" timestamp="31 Jan 2019 04:01:00 GMT" time="0.047" errors="0">
  <testcase name="testA" time="0.012" classname="groups.Groups1"/>
  <testcase name="testB" time="0.002" classname="groups.Groups1"/>
  <testcase name="testC" time="0.0" classname="groups.Groups1">
    <ignored/>
  </testcase> <!-- testC -->
</testsuite> <!-- Test -->
